<?xml version="1.0" encoding="UTF-8"?>
<!-- Generated by org.testng.reporters.JUnitReportReporter -->
<testsuite skipped="0" hostname="DELL-PC" name="weather.WeatherApiTest" tests="1" failures="0" timestamp="16 May 2019 14:43:05 GMT" time="60.558" errors="0">
  <testcase name="upsrtc" time="60.558" classname="weather.WeatherApiTest"/>
</testsuite> <!-- weather.WeatherApiTest -->
